<?xml version="1.0" encoding="UTF-8"?>
<testsuite xmlns:xsi="http://www.w3.org/2001/XMLSchema-instance" xsi:noNamespaceSchemaLocation="https://maven.apache.org/surefire/maven-surefire-plugin/xsd/surefire-test-report.xsd" name="TestSuite" time="25.312" tests="3" errors="0" skipped="1" failures="2">
  <properties>
[...]
</properties>
  <testcase name="setUp" classname="com.epam.ta.test.UserAccessTests" time="25.221">
    <failure message="java.net.ConnectException: Failed to connect to localhost/0:0:0:0:0:0:0:1:48344&#10;Build info: version: &apos;3.141.0&apos;, revision: &apos;2ecb7d9a&apos;, time: &apos;2018-10-31T20:09:30&apos;&#10;System info: host: &apos;VKOTLUBAEV&apos;, ip: &apos;192.168.10.97&apos;, os.name: &apos;Windows 10&apos;, os.arch: &apos;amd64&apos;, os.version: &apos;10.0&apos;, java.version: &apos;1.8.0_241&apos;&#10;Driver info: driver.version: FirefoxDriver" type="org.openqa.selenium.WebDriverException">org.openqa.selenium.WebDriverException: 
java.net.ConnectException: Failed to connect to localhost/0:0:0:0:0:0:0:1:48344
Build info: version: '3.141.0', revision: '2ecb7d9a', time: '2018-10-31T20:09:30'
System info: host: 'VKOTLUBAEV', ip: '192.168.10.97', os.name: 'Windows 10', os.arch: 'amd64', os.version: '10.0', java.version: '1.8.0_241'
Driver info: driver.version: FirefoxDriver
Caused by: java.net.ConnectException: Failed to connect to localhost/0:0:0:0:0:0:0:1:48344
Caused by: java.net.ConnectException: Connection refused: connect
</failure>
  </testcase>
  <testcase name="oneCanLoginGithub" classname="com.epam.ta.test.UserAccessTests" time="0">
    <skipped message="java.net.ConnectException: Failed to connect to localhost/0:0:0:0:0:0:0:1:48344&#10;Build info: version: &apos;3.141.0&apos;, revision: &apos;2ecb7d9a&apos;, time: &apos;2018-10-31T20:09:30&apos;&#10;System info: host: &apos;VKOTLUBAEV&apos;, ip: &apos;192.168.10.97&apos;, os.name: &apos;Windows 10&apos;, os.arch: &apos;amd64&apos;, os.version: &apos;10.0&apos;, java.version: &apos;1.8.0_241&apos;&#10;Driver info: driver.version: FirefoxDriver"/>
  </testcase>
  <testcase name="stopBrowser" classname="com.epam.ta.test.UserAccessTests" time="25.222">
    <failure type="java.lang.NullPointerException">java.lang.NullPointerException
</failure>
  </testcase>
</testsuite>